{"uid":"54100ba97139c9e9","name":"Проверка валидации поля никнейм при вводе менее 3 символов","fullName":"tests.test_registration.TestRegistrationUser#test_validation_of_the_nickname_field_when_entering_less_than_3_characters","historyId":"a0b2c157e61869ce22bb8f6a99e0bbb1","time":{"start":1720205055070,"stop":1720205061627,"duration":6557},"status":"failed","statusMessage":"AssertionError: Ожидался текст: '- длина от 3 до 16 символов; - только английские буквы; - можно цифры; - можно точку (только в середине), дефис, нижнее подчеркивание; - нельзя использовать пробелы.', отображается текс: '- длина от 3 до 16 символов;\n\n- только английские буквы;\n\n- можно цифры;\n\n- можно точку (только в середине), дефис, нижнее подчеркивание;\n\n- нельзя использовать пробелы.'","statusTrace":"self = <test_registration.TestRegistrationUser object at 0x7f0e58e97b00>\nelements = {'Страница авторизации': {'Кнопка вконтакте': ('xpath', '//button[@name=\"signUpWithVK\"]'), 'Кнопка войти': ('xpath', '...ct-2-option-88'), '1927 год': ('id', 'react-select-2-option-87'), '1928 год': ('id', 'react-select-2-option-86'), ...}}\n\n    @allure.title('Проверка валидации поля никнейм при вводе менее 3 символов')\n    @allure.severity('Normal')\n    @pytest.mark.regression\n    def test_validation_of_the_nickname_field_when_entering_less_than_3_characters(self, elements):\n        with allure.step('Открыть страницу регистрации'):\n            self.authorization_page.open()\n            element = elements['Страница авторизации']\n    \n        with allure.step('Нажать кнопку \"По смс (Для России)\"'):\n            self.authorization_page.do_click(element['Кнопка по смс'])\n    \n        with allure.step('Нажать кнопку Далее'):\n            element = elements['Страница регистрации']\n            self.join_page.do_click(element['Кнопка далее'])\n    \n        with allure.step('В поле никнейм ввести менее 3 символов'):\n            self.join_page.field_send_keys(element['Поле никнейм'], text=fake.pystr(min_chars=0, max_chars=2))\n    \n        with allure.step('Проверить, что отображается валидация поля никнейм: '\n                         '\"- длина от 3 до 16 символов;'\n                         ' - только английские буквы;'\n                         ' - можно цифры;'\n                         ' - можно точку (только в середине), дефис, нижнее подчеркивание;'\n                         ' - нельзя использовать пробелы.\"'):\n>           self.assertion.text_in_element(element['Валидация поля никнейм'],\n                                           expected_text='- длина от 3 до 16 символов; '\n                                                         '- только английские буквы; '\n                                                         '- можно цифры; '\n                                                         '- можно точку (только в середине), дефис, нижнее подчеркивание; '\n                                                         '- нельзя использовать пробелы.')\n\ntests/test_registration.py:116: \n_ _ _ _ _ _ _ _ _ _ _ _ _ _ _ _ _ _ _ _ _ _ _ _ _ _ _ _ _ _ _ _ _ _ _ _ _ _ _ _ \n\nself = <base.base_assertion.Assertion object at 0x7f0e5766da00>\nelement_locator = ('xpath', '//label[@class=\"text-field_validation-message__nizJJ\"]')\nexpected_text = '- длина от 3 до 16 символов; - только английские буквы; - можно цифры; - можно точку (только в середине), дефис, нижнее подчеркивание; - нельзя использовать пробелы.'\n\n    def text_in_element(self, element_locator: tuple, expected_text: str):\n        \"\"\"\n        Проверка совпадения текста элемента\n    \n        :param element_locator:\n            локатор элемента\n        :param expected_text:\n            ожидаемый текст\n    \n        \"\"\"\n        actual_text = self.find_element(element_locator).text\n>       assert expected_text == actual_text, f\"Ожидался текст: '{expected_text}', отображается текс: '{actual_text}'\"\nE       AssertionError: Ожидался текст: '- длина от 3 до 16 символов; - только английские буквы; - можно цифры; - можно точку (только в середине), дефис, нижнее подчеркивание; - нельзя использовать пробелы.', отображается текс: '- длина от 3 до 16 символов;\nE       \nE       - только английские буквы;\nE       \nE       - можно цифры;\nE       \nE       - можно точку (только в середине), дефис, нижнее подчеркивание;\nE       \nE       - нельзя использовать пробелы.'\n\nbase/base_assertion.py:23: AssertionError","flaky":false,"newFailed":false,"newBroken":false,"newPassed":false,"retriesCount":0,"retriesStatusChange":false,"beforeStages":[{"name":"_session_faker","time":{"start":1720204958801,"stop":1720204958823,"duration":22},"status":"passed","steps":[],"attachments":[],"parameters":[],"shouldDisplayMessage":false,"attachmentsCount":0,"stepsCount":0,"hasContent":false,"attachmentStep":false},{"name":"driver","time":{"start":1720205054644,"stop":1720205055069,"duration":425},"status":"passed","steps":[],"attachments":[],"parameters":[],"shouldDisplayMessage":false,"attachmentsCount":0,"stepsCount":0,"hasContent":false,"attachmentStep":false},{"name":"setup","time":{"start":1720205055069,"stop":1720205055070,"duration":1},"status":"passed","steps":[],"attachments":[],"parameters":[],"shouldDisplayMessage":false,"attachmentsCount":0,"stepsCount":0,"hasContent":false,"attachmentStep":false},{"name":"elements","time":{"start":1720205055070,"stop":1720205055070,"duration":0},"status":"passed","steps":[],"attachments":[],"parameters":[],"shouldDisplayMessage":false,"attachmentsCount":0,"stepsCount":0,"hasContent":false,"attachmentStep":false}],"testStage":{"status":"failed","statusMessage":"AssertionError: Ожидался текст: '- длина от 3 до 16 символов; - только английские буквы; - можно цифры; - можно точку (только в середине), дефис, нижнее подчеркивание; - нельзя использовать пробелы.', отображается текс: '- длина от 3 до 16 символов;\n\n- только английские буквы;\n\n- можно цифры;\n\n- можно точку (только в середине), дефис, нижнее подчеркивание;\n\n- нельзя использовать пробелы.'","statusTrace":"self = <test_registration.TestRegistrationUser object at 0x7f0e58e97b00>\nelements = {'Страница авторизации': {'Кнопка вконтакте': ('xpath', '//button[@name=\"signUpWithVK\"]'), 'Кнопка войти': ('xpath', '...ct-2-option-88'), '1927 год': ('id', 'react-select-2-option-87'), '1928 год': ('id', 'react-select-2-option-86'), ...}}\n\n    @allure.title('Проверка валидации поля никнейм при вводе менее 3 символов')\n    @allure.severity('Normal')\n    @pytest.mark.regression\n    def test_validation_of_the_nickname_field_when_entering_less_than_3_characters(self, elements):\n        with allure.step('Открыть страницу регистрации'):\n            self.authorization_page.open()\n            element = elements['Страница авторизации']\n    \n        with allure.step('Нажать кнопку \"По смс (Для России)\"'):\n            self.authorization_page.do_click(element['Кнопка по смс'])\n    \n        with allure.step('Нажать кнопку Далее'):\n            element = elements['Страница регистрации']\n            self.join_page.do_click(element['Кнопка далее'])\n    \n        with allure.step('В поле никнейм ввести менее 3 символов'):\n            self.join_page.field_send_keys(element['Поле никнейм'], text=fake.pystr(min_chars=0, max_chars=2))\n    \n        with allure.step('Проверить, что отображается валидация поля никнейм: '\n                         '\"- длина от 3 до 16 символов;'\n                         ' - только английские буквы;'\n                         ' - можно цифры;'\n                         ' - можно точку (только в середине), дефис, нижнее подчеркивание;'\n                         ' - нельзя использовать пробелы.\"'):\n>           self.assertion.text_in_element(element['Валидация поля никнейм'],\n                                           expected_text='- длина от 3 до 16 символов; '\n                                                         '- только английские буквы; '\n                                                         '- можно цифры; '\n                                                         '- можно точку (только в середине), дефис, нижнее подчеркивание; '\n                                                         '- нельзя использовать пробелы.')\n\ntests/test_registration.py:116: \n_ _ _ _ _ _ _ _ _ _ _ _ _ _ _ _ _ _ _ _ _ _ _ _ _ _ _ _ _ _ _ _ _ _ _ _ _ _ _ _ \n\nself = <base.base_assertion.Assertion object at 0x7f0e5766da00>\nelement_locator = ('xpath', '//label[@class=\"text-field_validation-message__nizJJ\"]')\nexpected_text = '- длина от 3 до 16 символов; - только английские буквы; - можно цифры; - можно точку (только в середине), дефис, нижнее подчеркивание; - нельзя использовать пробелы.'\n\n    def text_in_element(self, element_locator: tuple, expected_text: str):\n        \"\"\"\n        Проверка совпадения текста элемента\n    \n        :param element_locator:\n            локатор элемента\n        :param expected_text:\n            ожидаемый текст\n    \n        \"\"\"\n        actual_text = self.find_element(element_locator).text\n>       assert expected_text == actual_text, f\"Ожидался текст: '{expected_text}', отображается текс: '{actual_text}'\"\nE       AssertionError: Ожидался текст: '- длина от 3 до 16 символов; - только английские буквы; - можно цифры; - можно точку (только в середине), дефис, нижнее подчеркивание; - нельзя использовать пробелы.', отображается текс: '- длина от 3 до 16 символов;\nE       \nE       - только английские буквы;\nE       \nE       - можно цифры;\nE       \nE       - можно точку (только в середине), дефис, нижнее подчеркивание;\nE       \nE       - нельзя использовать пробелы.'\n\nbase/base_assertion.py:23: AssertionError","steps":[{"name":"Открыть страницу регистрации","time":{"start":1720205055070,"stop":1720205056951,"duration":1881},"status":"passed","steps":[],"attachments":[],"parameters":[],"shouldDisplayMessage":false,"attachmentsCount":0,"stepsCount":0,"hasContent":false,"attachmentStep":false},{"name":"Нажать кнопку \"По смс (Для России)\"","time":{"start":1720205056951,"stop":1720205058504,"duration":1553},"status":"passed","steps":[],"attachments":[],"parameters":[],"shouldDisplayMessage":false,"attachmentsCount":0,"stepsCount":0,"hasContent":false,"attachmentStep":false},{"name":"Нажать кнопку Далее","time":{"start":1720205058504,"stop":1720205060051,"duration":1547},"status":"passed","steps":[],"attachments":[],"parameters":[],"shouldDisplayMessage":false,"attachmentsCount":0,"stepsCount":0,"hasContent":false,"attachmentStep":false},{"name":"В поле никнейм ввести менее 3 символов","time":{"start":1720205060051,"stop":1720205061606,"duration":1555},"status":"passed","steps":[],"attachments":[],"parameters":[],"shouldDisplayMessage":false,"attachmentsCount":0,"stepsCount":0,"hasContent":false,"attachmentStep":false},{"name":"Проверить, что отображается валидация поля никнейм: \"- длина от 3 до 16 символов; - только английские буквы; - можно цифры; - можно точку (только в середине), дефис, нижнее подчеркивание; - нельзя использовать пробелы.\"","time":{"start":1720205061606,"stop":1720205061627,"duration":21},"status":"failed","statusMessage":"AssertionError: Ожидался текст: '- длина от 3 до 16 символов; - только английские буквы; - можно цифры; - можно точку (только в середине), дефис, нижнее подчеркивание; - нельзя использовать пробелы.', отображается текс: '- длина от 3 до 16 символов;\n\n- только английские буквы;\n\n- можно цифры;\n\n- можно точку (только в середине), дефис, нижнее подчеркивание;\n\n- нельзя использовать пробелы.'\n","statusTrace":"  File \"/usr/workspace/tests/test_registration.py\", line 116, in test_validation_of_the_nickname_field_when_entering_less_than_3_characters\n    self.assertion.text_in_element(element['Валидация поля никнейм'],\n  File \"/usr/workspace/base/base_assertion.py\", line 23, in text_in_element\n    assert expected_text == actual_text, f\"Ожидался текст: '{expected_text}', отображается текс: '{actual_text}'\"\n","steps":[],"attachments":[],"parameters":[],"shouldDisplayMessage":true,"attachmentsCount":0,"stepsCount":0,"hasContent":true,"attachmentStep":false}],"attachments":[],"parameters":[],"shouldDisplayMessage":true,"attachmentsCount":0,"stepsCount":5,"hasContent":true,"attachmentStep":false},"afterStages":[{"name":"driver::0","time":{"start":1720205061634,"stop":1720205061843,"duration":209},"status":"passed","steps":[],"attachments":[{"uid":"b23c83aa52f64675","name":"page_source","source":"b23c83aa52f64675.html","type":"text/html","size":16825},{"uid":"a5ad70deb2603070","name":"screenshot","source":"a5ad70deb2603070.png","type":"image/png","size":30757},{"uid":"e05cb5e8195e1c6e","name":"browser_logs","source":"e05cb5e8195e1c6e.txt","type":"text/plain","size":2199}],"parameters":[],"shouldDisplayMessage":false,"attachmentsCount":3,"stepsCount":0,"hasContent":true,"attachmentStep":false}],"labels":[{"name":"feature","value":"Регистрация пользователя"},{"name":"severity","value":"Normal"},{"name":"tag","value":"regression"},{"name":"parentSuite","value":"tests"},{"name":"suite","value":"test_registration"},{"name":"subSuite","value":"TestRegistrationUser"},{"name":"host","value":"985b5891c95e"},{"name":"thread","value":"1-MainThread"},{"name":"framework","value":"pytest"},{"name":"language","value":"cpython3"},{"name":"package","value":"tests.test_registration"},{"name":"resultFormat","value":"allure2"}],"parameters":[],"links":[],"hidden":false,"retry":false,"extra":{"severity":"normal","retries":[],"categories":[{"name":"Product defects","matchedStatuses":[],"flaky":false}],"tags":["regression"]},"source":"54100ba97139c9e9.json","parameterValues":[]}