{"uid":"e61a59c1ac69684a","name":"Авторизация пользователя без логина и пароля","fullName":"tests.test_authorization.TestAuthUser#test_auth_no_username_and_no_password","historyId":"a2247a4d32758f2afbc154e4324a5b2a","time":{"start":1720469309834,"stop":1720469315098,"duration":5264},"description":"При проверке не вводятся данные","descriptionHtml":"<p>При проверке не вводятся данные</p>\n","status":"failed","statusMessage":"AssertionError: Ожидался текст: 'Введи Никнейм или номер телефона', отображается текс: 'Никнейм или номер телефона'","statusTrace":"self = <test_authorization.TestAuthUser object at 0x7fd277599e50>\nelements = {'Страница авторизации': {'Кнопка вконтакте': ('xpath', '//button[@name=\"signUpWithVK\"]'), 'Кнопка войти': ('xpath', '...ct-2-option-88'), '1927 год': ('id', 'react-select-2-option-87'), '1928 год': ('id', 'react-select-2-option-86'), ...}}\n\n    @allure.title('Авторизация пользователя без логина и пароля')\n    @allure.description('При проверке не вводятся данные')\n    @allure.severity('Critical')\n    @pytest.mark.regression\n    def test_auth_no_username_and_no_password(self, elements):\n        with allure.step('Открыть страницу логина'):\n            self.login_page.open()\n            element = elements['Страница логина']\n    \n        with allure.step('Нажать кнопку \"Войти\"'):\n            self.login_page.do_click(element['Кнопка войти'])\n    \n        with allure.step('Под полем Никнейм или номер телефона отображается текст валидации '\n                         '\"Введи e-mail, никнейм или номер телефона, указанные при регистрации\"'):\n>           self.assertion.text_in_element(element['Валидация поля логин'],\n                                           'Введи Никнейм или номер телефона')\n\ntests/test_authorization.py:132: \n_ _ _ _ _ _ _ _ _ _ _ _ _ _ _ _ _ _ _ _ _ _ _ _ _ _ _ _ _ _ _ _ _ _ _ _ _ _ _ _ \n\nself = <base.base_assertion.Assertion object at 0x7fd27663a570>\nelement_locator = ('xpath', './/div[@class = \"text-field_container__vUCqA\"][1]//label[@class = \"text-field_validation-message__nizJJ\"]')\nexpected_text = 'Введи Никнейм или номер телефона'\n\n    def text_in_element(self, element_locator: tuple, expected_text: str):\n        \"\"\"\n        Проверка совпадения текста элемента\n    \n        :param element_locator:\n            локатор элемента\n        :param expected_text:\n            ожидаемый текст\n    \n        \"\"\"\n        actual_text = self.find_element(element_locator).text\n>       assert expected_text == actual_text, f\"Ожидался текст: '{expected_text}', отображается текс: '{actual_text}'\"\nE       AssertionError: Ожидался текст: 'Введи Никнейм или номер телефона', отображается текс: 'Никнейм или номер телефона'\n\nbase/base_assertion.py:23: AssertionError","flaky":false,"newFailed":false,"newBroken":false,"newPassed":false,"retriesCount":0,"retriesStatusChange":false,"beforeStages":[{"name":"_session_faker","time":{"start":1720469273334,"stop":1720469273355,"duration":21},"status":"passed","steps":[],"attachments":[],"parameters":[],"shouldDisplayMessage":false,"attachmentsCount":0,"stepsCount":0,"hasContent":false,"attachmentStep":false},{"name":"driver","time":{"start":1720469309397,"stop":1720469309833,"duration":436},"status":"passed","steps":[],"attachments":[],"parameters":[],"shouldDisplayMessage":false,"attachmentsCount":0,"stepsCount":0,"hasContent":false,"attachmentStep":false},{"name":"elements","time":{"start":1720469309834,"stop":1720469309834,"duration":0},"status":"passed","steps":[],"attachments":[],"parameters":[],"shouldDisplayMessage":false,"attachmentsCount":0,"stepsCount":0,"hasContent":false,"attachmentStep":false},{"name":"setup","time":{"start":1720469309834,"stop":1720469309834,"duration":0},"status":"passed","steps":[],"attachments":[],"parameters":[],"shouldDisplayMessage":false,"attachmentsCount":0,"stepsCount":0,"hasContent":false,"attachmentStep":false}],"testStage":{"description":"При проверке не вводятся данные","status":"failed","statusMessage":"AssertionError: Ожидался текст: 'Введи Никнейм или номер телефона', отображается текс: 'Никнейм или номер телефона'","statusTrace":"self = <test_authorization.TestAuthUser object at 0x7fd277599e50>\nelements = {'Страница авторизации': {'Кнопка вконтакте': ('xpath', '//button[@name=\"signUpWithVK\"]'), 'Кнопка войти': ('xpath', '...ct-2-option-88'), '1927 год': ('id', 'react-select-2-option-87'), '1928 год': ('id', 'react-select-2-option-86'), ...}}\n\n    @allure.title('Авторизация пользователя без логина и пароля')\n    @allure.description('При проверке не вводятся данные')\n    @allure.severity('Critical')\n    @pytest.mark.regression\n    def test_auth_no_username_and_no_password(self, elements):\n        with allure.step('Открыть страницу логина'):\n            self.login_page.open()\n            element = elements['Страница логина']\n    \n        with allure.step('Нажать кнопку \"Войти\"'):\n            self.login_page.do_click(element['Кнопка войти'])\n    \n        with allure.step('Под полем Никнейм или номер телефона отображается текст валидации '\n                         '\"Введи e-mail, никнейм или номер телефона, указанные при регистрации\"'):\n>           self.assertion.text_in_element(element['Валидация поля логин'],\n                                           'Введи Никнейм или номер телефона')\n\ntests/test_authorization.py:132: \n_ _ _ _ _ _ _ _ _ _ _ _ _ _ _ _ _ _ _ _ _ _ _ _ _ _ _ _ _ _ _ _ _ _ _ _ _ _ _ _ \n\nself = <base.base_assertion.Assertion object at 0x7fd27663a570>\nelement_locator = ('xpath', './/div[@class = \"text-field_container__vUCqA\"][1]//label[@class = \"text-field_validation-message__nizJJ\"]')\nexpected_text = 'Введи Никнейм или номер телефона'\n\n    def text_in_element(self, element_locator: tuple, expected_text: str):\n        \"\"\"\n        Проверка совпадения текста элемента\n    \n        :param element_locator:\n            локатор элемента\n        :param expected_text:\n            ожидаемый текст\n    \n        \"\"\"\n        actual_text = self.find_element(element_locator).text\n>       assert expected_text == actual_text, f\"Ожидался текст: '{expected_text}', отображается текс: '{actual_text}'\"\nE       AssertionError: Ожидался текст: 'Введи Никнейм или номер телефона', отображается текс: 'Никнейм или номер телефона'\n\nbase/base_assertion.py:23: AssertionError","steps":[{"name":"Открыть страницу логина","time":{"start":1720469309834,"stop":1720469313522,"duration":3688},"status":"passed","steps":[],"attachments":[],"parameters":[],"shouldDisplayMessage":false,"attachmentsCount":0,"stepsCount":0,"hasContent":false,"attachmentStep":false},{"name":"Нажать кнопку \"Войти\"","time":{"start":1720469313522,"stop":1720469315074,"duration":1552},"status":"passed","steps":[],"attachments":[],"parameters":[],"shouldDisplayMessage":false,"attachmentsCount":0,"stepsCount":0,"hasContent":false,"attachmentStep":false},{"name":"Под полем Никнейм или номер телефона отображается текст валидации \"Введи e-mail, никнейм или номер телефона, указанные при регистрации\"","time":{"start":1720469315074,"stop":1720469315097,"duration":23},"status":"failed","statusMessage":"AssertionError: Ожидался текст: 'Введи Никнейм или номер телефона', отображается текс: 'Никнейм или номер телефона'\n","statusTrace":"  File \"/usr/workspace/tests/test_authorization.py\", line 132, in test_auth_no_username_and_no_password\n    self.assertion.text_in_element(element['Валидация поля логин'],\n  File \"/usr/workspace/base/base_assertion.py\", line 23, in text_in_element\n    assert expected_text == actual_text, f\"Ожидался текст: '{expected_text}', отображается текс: '{actual_text}'\"\n","steps":[],"attachments":[],"parameters":[],"shouldDisplayMessage":true,"attachmentsCount":0,"stepsCount":0,"hasContent":true,"attachmentStep":false}],"attachments":[],"parameters":[],"shouldDisplayMessage":true,"attachmentsCount":0,"stepsCount":3,"hasContent":true,"attachmentStep":false},"afterStages":[{"name":"driver::0","time":{"start":1720469315141,"stop":1720469315329,"duration":188},"status":"passed","steps":[],"attachments":[{"uid":"9d100317cdd4ea7a","name":"page_source","source":"9d100317cdd4ea7a.html","type":"text/html","size":19553},{"uid":"fe3c7ea147297489","name":"screenshot","source":"fe3c7ea147297489.png","type":"image/png","size":28609},{"uid":"cb032eb9cef15020","name":"browser_logs","source":"cb032eb9cef15020.txt","type":"text/plain","size":1769}],"parameters":[],"shouldDisplayMessage":false,"attachmentsCount":3,"stepsCount":0,"hasContent":true,"attachmentStep":false}],"labels":[{"name":"severity","value":"Critical"},{"name":"feature","value":"Авторизация пользователя"},{"name":"tag","value":"regression"},{"name":"parentSuite","value":"tests"},{"name":"suite","value":"test_authorization"},{"name":"subSuite","value":"TestAuthUser"},{"name":"host","value":"bb79200c7696"},{"name":"thread","value":"1-MainThread"},{"name":"framework","value":"pytest"},{"name":"language","value":"cpython3"},{"name":"package","value":"tests.test_authorization"},{"name":"resultFormat","value":"allure2"}],"parameters":[],"links":[],"hidden":false,"retry":false,"extra":{"severity":"critical","retries":[],"categories":[{"name":"Product defects","matchedStatuses":[],"flaky":false}],"tags":["regression"]},"source":"e61a59c1ac69684a.json","parameterValues":[]}